Using pre-set license
Built from '2020.2/release' branch; Version is '2020.2.2f1 (068178b99f32) revision 426360'; Using compiler version '192528614'; Build Type 'Release'
OS: 'Windows 10 Home; OS build 19042.867; Version 2009; 64bit' Language: 'en' Physical Memory: 16196 MB
BatchMode: 1, IsHumanControllingUs: 0, StartBugReporterOnCrash: 0, Is64bit: 1, IsPro: 0

 COMMAND LINE ARGUMENTS:
C:\Program Files\Unity\Hub\Editor\2020.2.2f1\Editor\Unity.exe
-adb2
-batchMode
-noUpm
-name
AssetImportWorker0
-projectPath
C:/Users/crmdo/OneDrive/Desktop/2021 Diploma/Github/Networking-Battlecars
-logFile
Logs/AssetImportWorker0.log
-srvPort
65257
Successfully changed project path to: C:/Users/crmdo/OneDrive/Desktop/2021 Diploma/Github/Networking-Battlecars
C:/Users/crmdo/OneDrive/Desktop/2021 Diploma/Github/Networking-Battlecars
Using Asset Import Pipeline V2.
Refreshing native plugins compatible for Editor in 28.30 ms, found 0 plugins.
Preloading 0 native plugins for Editor in 0.00 ms.
Initialize engine version: 2020.2.2f1 (068178b99f32)
[Subsystems] Discovering subsystems at path C:/Program Files/Unity/Hub/Editor/2020.2.2f1/Editor/Data/Resources/UnitySubsystems
[Subsystems] Discovering subsystems at path C:/Users/crmdo/OneDrive/Desktop/2021 Diploma/Github/Networking-Battlecars/Assets
GfxDevice: creating device client; threaded=0
Direct3D:
    Version:  Direct3D 11.0 [level 11.1]
    Renderer: NVIDIA GeForce GTX 1660 Ti (ID=0x2191)
    Vendor:   
    VRAM:     5991 MB
    Driver:   27.21.14.5771
Initialize mono
Mono path[0] = 'C:/Program Files/Unity/Hub/Editor/2020.2.2f1/Editor/Data/Managed'
Mono path[1] = 'C:/Program Files/Unity/Hub/Editor/2020.2.2f1/Editor/Data/MonoBleedingEdge/lib/mono/unityjit'
Mono config path = 'C:/Program Files/Unity/Hub/Editor/2020.2.2f1/Editor/Data/MonoBleedingEdge/etc'
Using monoOptions --debugger-agent=transport=dt_socket,embedding=1,server=y,suspend=n,address=127.0.0.1:56676
Begin MonoManager ReloadAssembly
Registering precompiled unity dll's ...
Register platform support module: C:/Program Files/Unity/Hub/Editor/2020.2.2f1/Editor/Data/PlaybackEngines/WindowsStandaloneSupport/UnityEditor.WindowsStandalone.Extensions.dll
Registered in 0.001827 seconds.
Native extension for WindowsStandalone target not found
Refreshing native plugins compatible for Editor in 26.71 ms, found 0 plugins.
Preloading 0 native plugins for Editor in 0.00 ms.
Invoked RoslynAnalysisRunner static constructor.
RoslynAnalysisRunner will not be running.
RoslynAnalysisRunner has terminated.
Mono: successfully reloaded assembly
- Completed reload, in  1.168 seconds
Platform modules already initialized, skipping
Registering precompiled user dll's ...
Registered in 0.003692 seconds.
Begin MonoManager ReloadAssembly
Native extension for WindowsStandalone target not found
Refreshing native plugins compatible for Editor in 0.28 ms, found 0 plugins.
Preloading 0 native plugins for Editor in 0.00 ms.
Invoked RoslynAnalysisRunner static constructor.
RoslynAnalysisRunner will not be running.
RoslynAnalysisRunner has terminated.
Find all reader and writers took 154 milliseconds
Script Module: UnityEngine.UI.dll
Weave behaviours and messages took149 milliseconds
Find all reader and writers took 129 milliseconds
Script Module: UnityEngine.TestRunner.dll
Weave behaviours and messages took51 milliseconds
Find all reader and writers took 128 milliseconds
Script Module: SimpleWebTransport.dll
Weave behaviours and messages took12 milliseconds
Find all reader and writers took 127 milliseconds
Script Module: Unity.Timeline.dll
Weave behaviours and messages took60 milliseconds
Find all reader and writers took 133 milliseconds
Script Module: Mirror.Examples.dll
[Projectile] NetworkBehaviourProcessor
[Tank] NetworkBehaviourProcessor
[NetworkRoomPlayer] NetworkBehaviourProcessor
[NetworkRoomPlayerExt] NetworkBehaviourProcessor
[PlayerController] NetworkBehaviourProcessor
[PlayerScore] NetworkBehaviourProcessor
[RandomColor] NetworkBehaviourProcessor
[Reward] NetworkBehaviourProcessor
[AddForce] NetworkBehaviourProcessor
[Ball] NetworkBehaviourProcessor
[Player] NetworkBehaviourProcessor
[MatchController] NetworkBehaviourProcessor
[PhysicsCollision] NetworkBehaviourProcessor
[PlayerController] NetworkBehaviourProcessor
[PlayerScore] NetworkBehaviourProcessor
[RandomColor] NetworkBehaviourProcessor
[Reward] NetworkBehaviourProcessor
[Player] NetworkBehaviourProcessor
[MonsterMovement] NetworkBehaviourProcessor
[PlayerMovement] NetworkBehaviourProcessor
[Player] NetworkBehaviourProcessor
[PlayerController] NetworkBehaviourProcessor
[RandomColor] NetworkBehaviourProcessor
[ShootingTankBehaviour] NetworkBehaviourProcessor
Weave behaviours and messages took38 milliseconds
  ProcessSitesModule Mirror.Examples.dll elapsed time:00:00:00.0099739
Find all reader and writers took 122 milliseconds
Script Module: Mirror.Components.dll
[NetworkAnimator] NetworkBehaviourProcessor
[NetworkRoomPlayer] NetworkBehaviourProcessor
[NetworkLobbyPlayer] NetworkBehaviourProcessor
[NetworkVisibility] NetworkBehaviourProcessor
[NetworkVisibility] Found NetworkBehaviour Mirror.NetworkVisibility
[NetworkVisibility] Process Start
[NetworkVisibility]   GenerateSerialization
[NetworkVisibility]   GenerateDeSerialization
[NetworkVisibility] Process Done
[NetworkMatchChecker] NetworkBehaviourProcessor
[NetworkVisibility] NetworkBehaviourProcessor
[NetworkOwnerChecker] NetworkBehaviourProcessor
[NetworkVisibility] NetworkBehaviourProcessor
[NetworkProximityChecker] NetworkBehaviourProcessor
[NetworkRoomPlayer] NetworkBehaviourProcessor
[NetworkVisibility] NetworkBehaviourProcessor
[NetworkSceneChecker] NetworkBehaviourProcessor
[NetworkTransformBase] NetworkBehaviourProcessor
[NetworkTransform] NetworkBehaviourProcessor
[NetworkTransformBase] NetworkBehaviourProcessor
[NetworkTransformBase] NetworkBehaviourProcessor
[NetworkTransformChild] NetworkBehaviourProcessor
[NetworkLerpRigidbody] NetworkBehaviourProcessor
[NetworkRigidbody] NetworkBehaviourProcessor
[NetworkRigidbody2D] NetworkBehaviourProcessor
[NetworkTransformBase] NetworkBehaviourProcessor
[NetworkTransform] NetworkBehaviourProcessor
[NetworkTransformBase] NetworkBehaviourProcessor
[NetworkTransformBase] NetworkBehaviourProcessor
[NetworkTransformChild] NetworkBehaviourProcessor
Weave behaviours and messages took43 milliseconds
  ProcessSitesModule Mirror.Components.dll elapsed time:00:00:00.0019947
Find all reader and writers took 128 milliseconds
Script Module: Mirror.Tests.Common.dll
Weave behaviours and messages took6 milliseconds
Find all reader and writers took 148 milliseconds
Script Module: Unity.TextMeshPro.dll
Weave behaviours and messages took161 milliseconds
Find all reader and writers took 129 milliseconds
Script Module: Mirror.Tests.Runtime.dll
Weave behaviours and messages took10 milliseconds
Find all reader and writers took 120 milliseconds
Script Module: Telepathy.dll
Weave behaviours and messages took7 milliseconds
Find all reader and writers took 123 milliseconds
Script Module: Mirror.Authenticators.dll
Weave behaviours and messages took7 milliseconds
  ProcessSitesModule Mirror.Authenticators.dll elapsed time:00:00:00
Find all reader and writers took 120 milliseconds
Script Module: kcp2k.dll
Weave behaviours and messages took10 milliseconds
Find all reader and writers took 126 milliseconds
Script Module: Mirror.Examples.Cloud.GUI.dll
Weave behaviours and messages took6 milliseconds
Find all reader and writers took 140 milliseconds
Script Module: Mirror.Cloud.dll
Weave behaviours and messages took6 milliseconds
Find all reader and writers took 125 milliseconds
Script Module: Assembly-CSharp.dll
[BattlecarsPlayerNet] NetworkBehaviourProcessor
Weave behaviours and messages took9 milliseconds
Find all reader and writers took 125 milliseconds
Script Module: Mirror.Examples.Cloud.Pong.dll
[Ball] NetworkBehaviourProcessor
[BallManager] NetworkBehaviourProcessor
[Player] NetworkBehaviourProcessor
Weave behaviours and messages took6 milliseconds
  ProcessSitesModule Mirror.Examples.Cloud.Pong.dll elapsed time:00:00:00
Find all reader and writers took 121 milliseconds
Script Module: Mirror.Tests.Performance.Runtime.dll
Weave behaviours and messages took0 milliseconds
Find all reader and writers took 171 milliseconds
Script Module: UnityEditor.TestRunner.dll
Weave behaviours and messages took75 milliseconds
Find all reader and writers took 165 milliseconds
Script Module: UnityEditor.UI.dll
Weave behaviours and messages took26 milliseconds
Find all reader and writers took 166 milliseconds
Script Module: Mirror.Tests.dll
[EmptyBehaviour] NetworkBehaviourProcessor
[SyncVarGameObjectEqualExposedBehaviour] NetworkBehaviourProcessor
[SyncVarNetworkIdentityEqualExposedBehaviour] NetworkBehaviourProcessor
[NetworkBehaviourSendCommandInternalComponent] NetworkBehaviourProcessor
[NetworkBehaviourSendRPCInternalComponent] NetworkBehaviourProcessor
[NetworkBehaviourSendTargetRPCInternalComponent] NetworkBehaviourProcessor
[NetworkBehaviourDelegateComponent] NetworkBehaviourProcessor
[NetworkBehaviourSetSyncVarGameObjectComponent] NetworkBehaviourProcessor
[NetworkBehaviourGetSyncVarGameObjectComponent] NetworkBehaviourProcessor
[NetworkBehaviourSetSyncVarNetworkIdentityComponent] NetworkBehaviourProcessor
[NetworkBehaviourGetSyncVarNetworkIdentityComponent] NetworkBehaviourProcessor
[NetworkBehaviourInitSyncObjectExposed] NetworkBehaviourProcessor
[OnStopClientComponent] NetworkBehaviourProcessor
[OnStartClientComponent] NetworkBehaviourProcessor
[OnStartLocalPlayerComponent] NetworkBehaviourProcessor
[NetworkBehaviourHookGuardTester] NetworkBehaviourProcessor
[NetworkBehaviourInitSyncObjectTester] NetworkBehaviourProcessor
[CommandTestNetworkBehaviour] NetworkBehaviourProcessor
[RpcTestNetworkBehaviour] NetworkBehaviourProcessor
[OnStartClientTestNetworkBehaviour] NetworkBehaviourProcessor
[OnStopClientTestNetworkBehaviour] NetworkBehaviourProcessor
[TestObjectBehaviour] NetworkBehaviourProcessor
[TestPlayerBehaviour] NetworkBehaviourProcessor
[HookBehaviour] NetworkBehaviourProcessor
[GameObjectHookBehaviour] NetworkBehaviourProcessor
[NetworkIdentityHookBehaviour] NetworkBehaviourProcessor
[NetworkBehaviourHookBehaviour] NetworkBehaviourProcessor
[StaticHookBehaviour] NetworkBehaviourProcessor
[VirtualHookBase] NetworkBehaviourProcessor
[VirtualHookBase] NetworkBehaviourProcessor
[VirtualOverrideHook] NetworkBehaviourProcessor
[AbstractHookBase] NetworkBehaviourProcessor
[AbstractHookBase] NetworkBehaviourProcessor
[AbstractHook] NetworkBehaviourProcessor
[MockPlayer] NetworkBehaviourProcessor
[SyncVarGameObject] NetworkBehaviourProcessor
[SyncVarNetworkIdentity] NetworkBehaviourProcessor
[SyncVarTransform] NetworkBehaviourProcessor
[SyncVarNetworkBehaviour] NetworkBehaviourProcessor
[AbstractBehaviour] NetworkBehaviourProcessor
[BehaviourWithSyncVar] NetworkBehaviourProcessor
[AbstractBehaviour] NetworkBehaviourProcessor
[OverrideBehaviourFromSyncVar] NetworkBehaviourProcessor
[AbstractBehaviour] NetworkBehaviourProcessor
[OverrideBehaviourWithSyncVarFromSyncVar] NetworkBehaviourProcessor
[AbstractBehaviour] NetworkBehaviourProcessor
[MiddleClass] NetworkBehaviourProcessor
[AbstractBehaviour] NetworkBehaviourProcessor
[MiddleClass] NetworkBehaviourProcessor
[SubClass] NetworkBehaviourProcessor
[AbstractBehaviour] NetworkBehaviourProcessor
[MiddleClassWithSyncVar] NetworkBehaviourProcessor
[AbstractBehaviour] NetworkBehaviourProcessor
[MiddleClassWithSyncVar] NetworkBehaviourProcessor
[SubClassFromSyncVar] NetworkBehaviourProcessor
[BehaviourWithSyncVarWithOnSerialize] NetworkBehaviourProcessor
[AbstractBehaviour] NetworkBehaviourProcessor
[OverrideBehaviourFromSyncVarWithOnSerialize] NetworkBehaviourProcessor
[AbstractBehaviour] NetworkBehaviourProcessor
[OverrideBehaviourWithSyncVarFromSyncVarWithOnSerialize] NetworkBehaviourProcessor
[AttributeBehaviour_NetworkBehaviour] NetworkBehaviourProcessor
[DataSenderBehaviour] NetworkBehaviourProcessor
[PayloadTestBehaviour] NetworkBehaviourProcessor
[BehaviourWithEvents] NetworkBehaviourProcessor
[VirtualClientRpc] NetworkBehaviourProcessor
[VirtualClientRpc] NetworkBehaviourProcessor
[VirtualNoOverrideClientRpc] NetworkBehaviourProcessor
[VirtualClientRpc] NetworkBehaviourProcessor
[VirtualOverrideClientRpc] NetworkBehaviourProcessor
[VirtualClientRpc] NetworkBehaviourProcessor
[VirtualOverrideClientRpcWithBase] NetworkBehaviourProcessor
[ClientRpcBehaviour] NetworkBehaviourProcessor
[ExcludeOwnerBehaviour] NetworkBehaviourProcessor
[VirtualCommand] NetworkBehaviourProcessor
[VirtualCommand] NetworkBehaviourProcessor
[VirtualNoOverrideCommand] NetworkBehaviourProcessor
[VirtualCommand] NetworkBehaviourProcessor
[VirtualOverrideCommand] NetworkBehaviourProcessor
[VirtualCommand] NetworkBehaviourProcessor
[VirtualOverrideCommandWithBase] NetworkBehaviourProcessor
[VirtualCommand] NetworkBehaviourProcessor
[VirtualOverrideCommandWithBase] NetworkBehaviourProcessor
[VirtualOverrideCommandWithBase2] NetworkBehaviourProcessor
[AuthorityBehaviour] NetworkBehaviourProcessor
[IgnoreAuthorityBehaviour] NetworkBehaviourProcessor
[SenderConnectionBehaviour] NetworkBehaviourProcessor
[SenderConnectionIgnoreAuthorityBehaviour] NetworkBehaviourProcessor
[ThrowBehaviour] NetworkBehaviourProcessor
[RpcNetworkIdentityBehaviour] NetworkBehaviourProcessor
[VirtualTargetRpc] NetworkBehaviourProcessor
[VirtualTargetRpc] NetworkBehaviourProcessor
[VirtualNoOverrideTargetRpc] NetworkBehaviourProcessor
[VirtualTargetRpc] NetworkBehaviourProcessor
[VirtualOverrideTargetRpc] NetworkBehaviourProcessor
[VirtualTargetRpc] NetworkBehaviourProcessor
[VirtualOverrideTargetRpcWithBase] NetworkBehaviourProcessor
[TargetRpcBehaviour] NetworkBehaviourProcessor
Weave behaviours and messages took190 milliseconds
  ProcessSitesModule Mirror.Tests.dll elapsed time:00:00:00.0109703
Find all reader and writers took 134 milliseconds
Script Module: WeaverTestExtraAssembly.dll
Weave behaviours and messages took3 milliseconds
  ProcessSitesModule WeaverTestExtraAssembly.dll elapsed time:00:00:00
Find all reader and writers took 139 milliseconds
Script Module: Mirror.CompilerSymbols.dll
Weave behaviours and messages took0 milliseconds
Mono: successfully reloaded assembly
- Completed reload, in  9.775 seconds
Platform modules already initialized, skipping
========================================================================
Worker process is ready to serve import requests
Launched and connected shader compiler UnityShaderCompiler.exe after 0.05 seconds
Refreshing native plugins compatible for Editor in 0.27 ms, found 0 plugins.
Preloading 0 native plugins for Editor in 0.00 ms.
Unloading 1478 Unused Serialized files (Serialized files now loaded: 0)
System memory in use before: 67.5 MB.
System memory in use after: 67.6 MB.

Unloading 18 unused Assets to reduce memory usage. Loaded Objects now: 1912.
Total: 2.536200 ms (FindLiveObjects: 0.283100 ms CreateObjectMapping: 0.073200 ms MarkObjects: 2.102900 ms  DeleteObjects: 0.075900 ms)

========================================================================
Received Import Request.
  path: Assets/Battlecars/Prefabs/Nature
  artifactKey: Guid(4b949bfa3019e2d41aeacf5837e1b87d) Importer(815301076,1909f56bfc062723c751e8b465ee728b)
Start importing Assets/Battlecars/Prefabs/Nature using Guid(4b949bfa3019e2d41aeacf5837e1b87d) Importer(815301076,1909f56bfc062723c751e8b465ee728b)  -> (artifact id: 'a57f6bdffc39c9d77abc37ff53b88dd4') in 0.008077 seconds
  Import took 0.011108 seconds .

========================================================================
Received Import Request.
  Time since last request: 0.000246 seconds.
  path: Assets/Battlecars/Scripts/UI
  artifactKey: Guid(fb2349b9d52d3884487bdad53d636427) Importer(815301076,1909f56bfc062723c751e8b465ee728b)
Start importing Assets/Battlecars/Scripts/UI using Guid(fb2349b9d52d3884487bdad53d636427) Importer(815301076,1909f56bfc062723c751e8b465ee728b)  -> (artifact id: '62911bef5bac9f7dd5bf73ae62f51463') in 0.008932 seconds
  Import took 0.012544 seconds .

========================================================================
Received Import Request.
  Time since last request: 0.000330 seconds.
  path: Assets/Battlecars/Art/Materials
  artifactKey: Guid(5650a83f49074774db638b8556d1ecf4) Importer(815301076,1909f56bfc062723c751e8b465ee728b)
Start importing Assets/Battlecars/Art/Materials using Guid(5650a83f49074774db638b8556d1ecf4) Importer(815301076,1909f56bfc062723c751e8b465ee728b)  -> (artifact id: '8bfa2d88cd7068e689abe5ca387e0625') in 0.007166 seconds
  Import took 0.010264 seconds .

========================================================================
Received Import Request.
  Time since last request: 0.086255 seconds.
  path: Assets/Battlecars/Art/Materials/Nature
  artifactKey: Guid(e0fcc95886f8d4a448cb4e9ad0f512e3) Importer(815301076,1909f56bfc062723c751e8b465ee728b)
Start importing Assets/Battlecars/Art/Materials/Nature using Guid(e0fcc95886f8d4a448cb4e9ad0f512e3) Importer(815301076,1909f56bfc062723c751e8b465ee728b)  -> (artifact id: 'd5be4a787f55adbc1f6f10f30b3251cf') in 0.004074 seconds
  Import took 0.006526 seconds .

========================================================================
Received Import Request.
  Time since last request: 1.721201 seconds.
  path: Assets/Battlecars/Art/Materials/Vehicles/Vehicle 1
  artifactKey: Guid(cca71bc231fc0d54fac23ac9675d20c0) Importer(815301076,1909f56bfc062723c751e8b465ee728b)
Start importing Assets/Battlecars/Art/Materials/Vehicles/Vehicle 1 using Guid(cca71bc231fc0d54fac23ac9675d20c0) Importer(815301076,1909f56bfc062723c751e8b465ee728b)  -> (artifact id: '60d514bf589d8a290f6fa81e358b26ad') in 0.006718 seconds
  Import took 0.009266 seconds .

========================================================================
Received Import Request.
  Time since last request: 3.462711 seconds.
  path: Assets/Battlecars/Art/Models/Nature
  artifactKey: Guid(92d5afdd5aceb7043a99c17fa4584287) Importer(815301076,1909f56bfc062723c751e8b465ee728b)
Start importing Assets/Battlecars/Art/Models/Nature using Guid(92d5afdd5aceb7043a99c17fa4584287) Importer(815301076,1909f56bfc062723c751e8b465ee728b)  -> (artifact id: 'f2fc8c231394f1a0975f3b3bec1c349d') in 0.002393 seconds
  Import took 0.005161 seconds .

========================================================================
Received Import Request.
  Time since last request: 0.835798 seconds.
  path: Assets/Battlecars/Art/Models/Nature/Rock_04.fbx
  artifactKey: Guid(33ebf3440b12ec245bd008cd464f8d9a) Importer(815301076,1909f56bfc062723c751e8b465ee728b)
Start importing Assets/Battlecars/Art/Models/Nature/Rock_04.fbx using Guid(33ebf3440b12ec245bd008cd464f8d9a) Importer(815301076,1909f56bfc062723c751e8b465ee728b)  -> (artifact id: '30217990512b9a87480082903ee727ea') in 0.173794 seconds
  Import took 0.176558 seconds .

========================================================================
Received Import Request.
  Time since last request: 0.000154 seconds.
  path: Assets/Battlecars/Art/Models/Nature/Tree_02.fbx
  artifactKey: Guid(4471b1f7f824e4d44887e1364c6fc61a) Importer(815301076,1909f56bfc062723c751e8b465ee728b)
Start importing Assets/Battlecars/Art/Models/Nature/Tree_02.fbx using Guid(4471b1f7f824e4d44887e1364c6fc61a) Importer(815301076,1909f56bfc062723c751e8b465ee728b)  -> (artifact id: '80611754f547c2817224e70b9d7ddc70') in 0.024548 seconds
  Import took 0.027186 seconds .

========================================================================
Received Import Request.
  Time since last request: 0.000232 seconds.
  path: Assets/Battlecars/Art/Models/Nature/Tree_01.fbx
  artifactKey: Guid(6c7eaede4efc960409fb9ef2dfb77f29) Importer(815301076,1909f56bfc062723c751e8b465ee728b)
Start importing Assets/Battlecars/Art/Models/Nature/Tree_01.fbx using Guid(6c7eaede4efc960409fb9ef2dfb77f29) Importer(815301076,1909f56bfc062723c751e8b465ee728b)  -> (artifact id: '6fa282cfc31a9087083fa08ced78c7fd') in 0.023544 seconds
  Import took 0.026201 seconds .

========================================================================
Received Import Request.
  Time since last request: 0.000170 seconds.
  path: Assets/Battlecars/Art/Models/Nature/Stump_01.fbx
  artifactKey: Guid(768be665aba8b4e4aae7a973ae9616cf) Importer(815301076,1909f56bfc062723c751e8b465ee728b)
Start importing Assets/Battlecars/Art/Models/Nature/Stump_01.fbx using Guid(768be665aba8b4e4aae7a973ae9616cf) Importer(815301076,1909f56bfc062723c751e8b465ee728b)  -> (artifact id: '8a92e0b9a1f91b92f6b0bd68cb535cd0') in 0.020691 seconds
  Import took 0.023822 seconds .

========================================================================
Received Import Request.
  Time since last request: 0.118057 seconds.
  path: Assets/Battlecars/Art/Models/Nature/Tree_03.fbx
  artifactKey: Guid(69f0af3a0a6c73b4ab4b89eb82cdc488) Importer(815301076,1909f56bfc062723c751e8b465ee728b)
Start importing Assets/Battlecars/Art/Models/Nature/Tree_03.fbx using Guid(69f0af3a0a6c73b4ab4b89eb82cdc488) Importer(815301076,1909f56bfc062723c751e8b465ee728b)  -> (artifact id: 'a9fc01daf0c0bbb0d50d1169538f6f70') in 0.037211 seconds
  Import took 0.040329 seconds .

========================================================================
Received Import Request.
  Time since last request: 2.170142 seconds.
  path: Assets/Battlecars/Art/Models/Vehicles/Materials
  artifactKey: Guid(ebb7d43d958585241a6045690e10308c) Importer(815301076,1909f56bfc062723c751e8b465ee728b)
Start importing Assets/Battlecars/Art/Models/Vehicles/Materials using Guid(ebb7d43d958585241a6045690e10308c) Importer(815301076,1909f56bfc062723c751e8b465ee728b)  -> (artifact id: '49450d13a9a3e4a6ed6ec5e0f97ca619') in 0.006402 seconds
  Import took 0.008892 seconds .

========================================================================
Received Import Request.
  Time since last request: 2.033281 seconds.
  path: Assets/Battlecars/Art/Textures/Nature
  artifactKey: Guid(131c09b96938afb459b9581462f80d2c) Importer(815301076,1909f56bfc062723c751e8b465ee728b)
Start importing Assets/Battlecars/Art/Textures/Nature using Guid(131c09b96938afb459b9581462f80d2c) Importer(815301076,1909f56bfc062723c751e8b465ee728b)  -> (artifact id: '4aeaac359170ceb6baf87c46f4a53f2e') in 0.005765 seconds
  Import took 0.008388 seconds .

========================================================================
Received Import Request.
  Time since last request: 1.716753 seconds.
  path: Assets/Battlecars/Art/Textures/Vehicles/Vehicle 1
  artifactKey: Guid(30e6c30ea5f39ab4baa12e04ea57288c) Importer(815301076,1909f56bfc062723c751e8b465ee728b)
Start importing Assets/Battlecars/Art/Textures/Vehicles/Vehicle 1 using Guid(30e6c30ea5f39ab4baa12e04ea57288c) Importer(815301076,1909f56bfc062723c751e8b465ee728b)  -> (artifact id: 'a4e215168342d8113da9bd2573b46f89') in 0.006210 seconds
  Import took 0.009005 seconds .

========================================================================
Received Import Request.
  Time since last request: 83.816233 seconds.
  path: Assets/Battlecars/Scripts/UI/LobbyPlayerSlot.cs
  artifactKey: Guid(bd133c667d5411949b09820780992508) Importer(815301076,1909f56bfc062723c751e8b465ee728b)
Start importing Assets/Battlecars/Scripts/UI/LobbyPlayerSlot.cs using Guid(bd133c667d5411949b09820780992508) Importer(815301076,1909f56bfc062723c751e8b465ee728b)  -> (artifact id: '67eed0bd1f2df8a66ffb2ff7691220e0') in 0.013635 seconds
  Import took 0.017342 seconds .

========================================================================
Received Import Request.
  Time since last request: 0.033270 seconds.
  path: Assets/Battlecars/Scripts/UI/LobbyPlayerSlot.cs
  artifactKey: Guid(bd133c667d5411949b09820780992508) Importer(815301076,1909f56bfc062723c751e8b465ee728b)
Start importing Assets/Battlecars/Scripts/UI/LobbyPlayerSlot.cs using Guid(bd133c667d5411949b09820780992508) Importer(815301076,1909f56bfc062723c751e8b465ee728b)  -> (artifact id: '67eed0bd1f2df8a66ffb2ff7691220e0') in 0.002564 seconds
  Import took 0.005942 seconds .

========================================================================
Received Import Request.
  Time since last request: 793.988355 seconds.
  path: Assets/Battlecars/Scripts/Networking/BattlecarsPlayerNet.cs
  artifactKey: Guid(5e668db9b44a80e4f91a0f3f188ef140) Importer(815301076,1909f56bfc062723c751e8b465ee728b)
Start importing Assets/Battlecars/Scripts/Networking/BattlecarsPlayerNet.cs using Guid(5e668db9b44a80e4f91a0f3f188ef140) Importer(815301076,1909f56bfc062723c751e8b465ee728b)  -> (artifact id: '6b86297814cd5ee85b22f2cb6fbd2764') in 0.007436 seconds
  Import took 0.011574 seconds .

========================================================================
Received Import Request.
  Time since last request: 13.784477 seconds.
  path: Assets/Battlecars/Scripts/Networking/BattlecarsNetworkManager.cs
  artifactKey: Guid(8262fec70f462d94bbfe6f76d94d208e) Importer(815301076,1909f56bfc062723c751e8b465ee728b)
Start importing Assets/Battlecars/Scripts/Networking/BattlecarsNetworkManager.cs using Guid(8262fec70f462d94bbfe6f76d94d208e) Importer(815301076,1909f56bfc062723c751e8b465ee728b)  -> (artifact id: '012e0685479d26f2360ee8d8704054de') in 0.008209 seconds
  Import took 0.010729 seconds .

========================================================================
Received Import Request.
  Time since last request: 6296.126040 seconds.
  path: Assets/Battlecars/Scenes/Online.unity
  artifactKey: Guid(6e0a1343734981645b34822735342ef7) Importer(815301076,1909f56bfc062723c751e8b465ee728b)
Start importing Assets/Battlecars/Scenes/Online.unity using Guid(6e0a1343734981645b34822735342ef7) Importer(815301076,1909f56bfc062723c751e8b465ee728b)  -> (artifact id: '91becf37a6ea06108c7ac82bd5656150') in 0.022749 seconds
  Import took 0.041954 seconds .

========================================================================
Received Import Request.
  Time since last request: 0.011402 seconds.
  path: Assets/Battlecars/Scenes/Online.unity
  artifactKey: Guid(6e0a1343734981645b34822735342ef7) Importer(815301076,1909f56bfc062723c751e8b465ee728b)
Start importing Assets/Battlecars/Scenes/Online.unity using Guid(6e0a1343734981645b34822735342ef7) Importer(815301076,1909f56bfc062723c751e8b465ee728b)  -> (artifact id: '91becf37a6ea06108c7ac82bd5656150') in 0.003110 seconds
  Import took 0.005451 seconds .

========================================================================
Received Import Request.
  Time since last request: 4.783512 seconds.
  path: Assets/Battlecars/Scenes/Gameplay.unity
  artifactKey: Guid(5e7af4bd95ac53a4cb784a9eedf8f6f9) Importer(815301076,1909f56bfc062723c751e8b465ee728b)
Start importing Assets/Battlecars/Scenes/Gameplay.unity using Guid(5e7af4bd95ac53a4cb784a9eedf8f6f9) Importer(815301076,1909f56bfc062723c751e8b465ee728b)  -> (artifact id: 'ab418417cc82fa34fd5d1a66c7a2bcfc') in 0.003490 seconds
  Import took 0.006303 seconds .

AssetImportWorkerClient::OnTransportError - code=2 error=End of file
